Release 14.7 Map P.20131013 (lin64)
Xilinx Mapping Report File for Design 'nexys2_rs232'

Design Information
------------------
Command Line   : map -detail -pr b output.ngd 
Target Device  : xc3s500e
Target Package : fg320
Target Speed   : -5
Mapper Version : spartan3e -- $Revision: 1.55 $
Mapped Date    : Fri Jan  9 23:04:40 2015

Design Summary
--------------
Number of errors:      0
Number of warnings:    1
Logic Utilization:
  Number of Slice Flip Flops:            56 out of   9,312    1%
  Number of 4 input LUTs:                46 out of   9,312    1%
Logic Distribution:
  Number of occupied Slices:             47 out of   4,656    1%
    Number of Slices containing only related logic:      47 out of      47 100%
    Number of Slices containing unrelated logic:          0 out of      47   0%
      *See NOTES below for an explanation of the effects of unrelated logic.
  Total Number of 4 input LUTs:          70 out of   9,312    1%
    Number used as logic:                46
    Number used as a route-thru:         24

  The Slice Logic Distribution report is not meaningful if the design is
  over-mapped for a non-slice resource or if Placement fails.

  Number of bonded IOBs:                 15 out of     232    6%
    IOB Flip Flops:                       1
  Number of BUFGMUXs:                     1 out of      24    4%

Average Fanout of Non-Clock Nets:                2.89

Peak Memory Usage:  579 MB
Total REAL time to MAP completion:  2 secs 
Total CPU time to MAP completion:   2 secs 

NOTES:

   Related logic is defined as being logic that shares connectivity - e.g. two
   LUTs are "related" if they share common inputs.  When assembling slices,
   Map gives priority to combine logic that is related.  Doing so results in
   the best timing performance.

   Unrelated logic shares no connectivity.  Map will only begin packing
   unrelated logic into a slice once 99% of the slices are occupied through
   related logic packing.

   Note that once logic distribution reaches the 99% level through related
   logic packing, this does not mean the device is completely utilized.
   Unrelated logic packing will then begin, continuing until all usable LUTs
   and FFs are occupied.  Depending on your timing budget, increased levels of
   unrelated logic packing may adversely affect the overall timing performance
   of your design.

Table of Contents
-----------------
Section 1 - Errors
Section 2 - Warnings
Section 3 - Informational
Section 4 - Removed Logic Summary
Section 5 - Removed Logic
Section 6 - IOB Properties
Section 7 - RPMs
Section 8 - Guide Report
Section 9 - Area Group and Partition Summary
Section 10 - Timing Report
Section 11 - Configuration String Information
Section 12 - Control Set Information
Section 13 - Utilization by Hierarchy

Section 1 - Errors
------------------

Section 2 - Warnings
--------------------
WARNING:Map:34 - Speed grade not specified.  Using default "-5".

Section 3 - Informational
-------------------------
INFO:MapLib:562 - No environment variables are currently set.
INFO:LIT:244 - All of the single ended outputs in this design are using slew
   rate limited output drivers. The delay on speed critical single ended outputs
   can be dramatically reduced by designating them as fast outputs.

Section 4 - Removed Logic Summary
---------------------------------
   2 block(s) optimized away
  31 Block(s) redundant

Section 5 - Removed Logic
-------------------------

Optimized Block(s):
TYPE 		BLOCK
GND 		XST_GND
VCC 		XST_VCC

Redundant Block(s):
TYPE 		BLOCK
LOCALBUF 		_n010313/LUT4_D_BUF
LOCALBUF 		_n0103124/LUT4_D_BUF
LOCALBUF 		_n0097<9>23/LUT4_D_BUF
LOCALBUF 		_n0144_inv137_SW0/LUT4_L_BUF
LOCALBUF 		_n0103137_1/LUT4_D_BUF
LUT1 		Mcount_count_in_cy<1>_rt
LUT1 		Mcount_count_in_cy<2>_rt
LUT1 		Mcount_count_in_cy<3>_rt
LUT1 		Mcount_count_in_cy<4>_rt
LUT1 		Mcount_count_in_cy<5>_rt
LUT1 		Mcount_count_in_cy<6>_rt
LUT1 		Mcount_count_in_cy<7>_rt
LUT1 		Mcount_count_in_cy<8>_rt
LUT1 		Mcount_count_in_cy<9>_rt
LUT1 		Mcount_count_in_cy<10>_rt
LUT1 		Mcount_count_in_cy<11>_rt
LUT1 		Mcount_count_out_cy<1>_rt
LUT1 		Mcount_count_out_cy<2>_rt
LUT1 		Mcount_count_out_cy<3>_rt
LUT1 		Mcount_count_out_cy<4>_rt
LUT1 		Mcount_count_out_cy<5>_rt
LUT1 		Mcount_count_out_cy<6>_rt
LUT1 		Mcount_count_out_cy<7>_rt
LUT1 		Mcount_count_out_cy<8>_rt
LUT1 		Mcount_count_out_cy<9>_rt
LUT1 		Mcount_count_out_cy<10>_rt
LUT1 		Mcount_count_out_cy<11>_rt
LUT1 		Mcount_count_in_xor<12>_rt
LUT1 		Mcount_count_out_xor<12>_rt
INV 		leds<0>1_INV_0
INV 		leds<1>1_INV_0

Section 6 - IOB Properties
--------------------------

+---------------------------------------------------------------------------------------------------------------------------------------------------------+
| IOB Name                           | Type             | Direction | IO Standard          | Diff  | Drive    | Slew | Reg (s)      | Resistor | IOB      |
|                                    |                  |           |                      | Term  | Strength | Rate |              |          | Delay    |
+---------------------------------------------------------------------------------------------------------------------------------------------------------+
| btns<0>                            | IBUF             | INPUT     | LVCMOS25             |       |          |      |              |          | 0 / 0    |
| btns<1>                            | IBUF             | INPUT     | LVCMOS25             |       |          |      |              |          | 0 / 0    |
| btns<2>                            | IBUF             | INPUT     | LVCMOS25             |       |          |      |              |          | 0 / 0    |
| btns<3>                            | IBUF             | INPUT     | LVCMOS25             |       |          |      |              |          | 0 / 0    |
| lclk                               | IBUF             | INPUT     | LVCMOS25             |       |          |      |              |          | 0 / 0    |
| leds<0>                            | IOB              | OUTPUT    | LVCMOS25             |       | 12       | SLOW |              |          | 0 / 0    |
| leds<1>                            | IOB              | OUTPUT    | LVCMOS25             |       | 12       | SLOW |              |          | 0 / 0    |
| leds<2>                            | IOB              | OUTPUT    | LVCMOS25             |       | 12       | SLOW |              |          | 0 / 0    |
| leds<3>                            | IOB              | OUTPUT    | LVCMOS25             |       | 12       | SLOW |              |          | 0 / 0    |
| leds<4>                            | IOB              | OUTPUT    | LVCMOS25             |       | 12       | SLOW |              |          | 0 / 0    |
| leds<5>                            | IOB              | OUTPUT    | LVCMOS25             |       | 12       | SLOW |              |          | 0 / 0    |
| leds<6>                            | IOB              | OUTPUT    | LVCMOS25             |       | 12       | SLOW |              |          | 0 / 0    |
| leds<7>                            | IOB              | OUTPUT    | LVCMOS25             |       | 12       | SLOW |              |          | 0 / 0    |
| rx                                 | IBUF             | INPUT     | LVCMOS25             |       |          |      | IFF1         |          | 0 / 3    |
| tx                                 | IOB              | OUTPUT    | LVCMOS25             |       | 12       | SLOW |              |          | 0 / 0    |
+---------------------------------------------------------------------------------------------------------------------------------------------------------+

Section 7 - RPMs
----------------

Section 8 - Guide Report
------------------------
Guide not run on this design.

Section 9 - Area Group and Partition Summary
--------------------------------------------

Partition Implementation Status
-------------------------------

  No Partitions were found in this design.

-------------------------------

Area Group Information
----------------------

  No area groups were found in this design.

----------------------

Section 10 - Timing Report
--------------------------
This design was not run using timing mode.

Section 11 - Configuration String Details
-----------------------------------------
BUFGMUX "lclk_BUFGP/BUFG":
DISABLE_ATTR:LOW




Section 12 - Control Set Information
------------------------------------
No control set information for this architecture.

Section 13 - Utilization by Hierarchy
-------------------------------------
+-------------------------------------------------------------------------------------------------------------------------------------------------------------+
| Module             | Partition | Slices        | Slice Reg     | LUTs          | LUTRAM        | BRAM      | MULT18X18 | BUFG  | DCM   | Full Hierarchical  |
+-------------------------------------------------------------------------------------------------------------------------------------------------------------+
| nexys2_rs232/      |           | 47/47         | 56/56         | 69/69         | 0/0           | 0/0       | 0/0       | 1/1   | 0/0   | nexys2_rs232       |
+-------------------------------------------------------------------------------------------------------------------------------------------------------------+

* Slices can be packed with basic elements from multiple hierarchies.
  Therefore, a slice will be counted in every hierarchical module
  that each of its packed basic elements belong to.
** For each column, there are two numbers reported <A>/<B>.
   <A> is the number of elements that belong to that specific hierarchical module.
   <B> is the total number of elements from that hierarchical module and any lower level
   hierarchical modules below.
*** The LUTRAM column counts all LUTs used as memory including RAM, ROM, and shift registers.
